<?xml version="1.0" encoding="UTF-8"?>
<!-- Generated by org.testng.reporters.JUnitXMLReporter -->
<testsuite hostname="DESKTOP-VTBT3RG" ignored="0" name="Default test" tests="5" failures="0" timestamp="2022-01-17T00:00:50 IST" time="45.781" errors="0">
  <testcase name="signinwithvalidvalues" time="15.441" classname="Testcase.SignUP"/>
  <testcase name="signinwithvalidvalues" time="4.232" classname="Testcase.SignUP"/>
  <testcase name="signinwithvalidvalues" time="1.974" classname="Testcase.SignUP"/>
  <testcase name="signinwithgreaterthan18years" time="0.477" classname="Testcase.SignUP"/>
  <testcase name="signinwithgreaterthan18years" time="0.476" classname="Testcase.SignUP"/>
</testsuite> <!-- Default test -->
