<?xml version="1.0" encoding="UTF-8"?>
<!-- Generated by org.testng.reporters.JUnitXMLReporter -->
<testsuite hostname="DESKTOP-VTBT3RG" ignored="0" name="Test" tests="6" failures="0" timestamp="2022-01-17T01:53:33 IST" time="132.708" errors="0">
  <testcase name="ValidSearch" time="67.916" classname="Testcase.Search"/>
  <testcase name="signinwithvalidvalues" time="11.651" classname="Testcase.SignUP"/>
  <testcase name="signinwithvalidvalues" time="17.144" classname="Testcase.SignUP"/>
  <testcase name="signinwithvalidvalues" time="14.634" classname="Testcase.SignUP"/>
  <testcase name="signinwithgreaterthan18years" time="12.948" classname="Testcase.SignUP"/>
  <testcase name="signinwithgreaterthan18years" time="8.09" classname="Testcase.SignUP"/>
</testsuite> <!-- Test -->
