<?xml version="1.0" encoding="UTF-8"?>
<!-- Generated by org.testng.reporters.JUnitXMLReporter -->
<testsuite hostname="DESKTOP-VTBT3RG" ignored="0" name="Test" tests="5" failures="2" timestamp="2022-01-13T08:23:11 IST" time="58.774" errors="0">
  <testcase name="signinwithvalidvalues" time="10.803" classname="Testcase.SignUP"/>
  <testcase name="signinwithvalidvalues" time="14.431" classname="Testcase.SignUP"/>
  <testcase name="signinwithvalidvalues" time="12.231" classname="Testcase.SignUP"/>
  <testcase name="signinwithgreaterthan18years" time="13.152" classname="Testcase.SignUP">
    <failure type="junit.framework.ComparisonFailure" message="expected:&amp;lt;...be more than 18 year[s]&amp;gt; but was:&amp;lt;...be more than 18 year[]&amp;gt;">
      <![CDATA[junit.framework.ComparisonFailure: expected:<...be more than 18 year[s]> but was:<...be more than 18 year[]>
at junit.framework.Assert.assertEquals(Assert.java:85)
at junit.framework.Assert.assertEquals(Assert.java:91)
at Testcase.SignUP.signinwithgreaterthan18years(SignUP.java:102)
at java.util.ArrayList.forEach(ArrayList.java:1259)
... Removed 27 stack frames]]>
    </failure>
  </testcase> <!-- signinwithgreaterthan18years -->
  <testcase name="signinwithgreaterthan18years" time="7.935" classname="Testcase.SignUP">
    <failure type="junit.framework.ComparisonFailure" message="expected:&amp;lt;...be more than 18 year[s]&amp;gt; but was:&amp;lt;...be more than 18 year[]&amp;gt;">
      <![CDATA[junit.framework.ComparisonFailure: expected:<...be more than 18 year[s]> but was:<...be more than 18 year[]>
at junit.framework.Assert.assertEquals(Assert.java:85)
at junit.framework.Assert.assertEquals(Assert.java:91)
at Testcase.SignUP.signinwithgreaterthan18years(SignUP.java:102)
at java.util.ArrayList.forEach(ArrayList.java:1259)
... Removed 27 stack frames]]>
    </failure>
  </testcase> <!-- signinwithgreaterthan18years -->
</testsuite> <!-- Test -->
